<?xml version="1.0" encoding="UTF-8"?>
<coverage generated="1636470961819" clover="3.2.0">
  <project timestamp="1636470961819" name="All files">
    <metrics statements="16" coveredstatements="11" conditionals="4" coveredconditionals="0" methods="11" coveredmethods="4" elements="31" coveredelements="15" complexity="0" loc="16" ncloc="16" packages="4" files="7" classes="7"/>
    <package name="assets.icons.trash">
      <metrics statements="1" coveredstatements="1" conditionals="0" coveredconditionals="0" methods="0" coveredmethods="0"/>
      <file name="trash.png" path="/Users/rethink/Documents/junior/todoapp-ignite/src/assets/icons/trash/trash.png">
        <metrics statements="1" coveredstatements="1" conditionals="0" coveredconditionals="0" methods="0" coveredmethods="0"/>
        <line num="1" count="2" type="stmt"/>
      </file>
    </package>
    <package name="assets.images.logo">
      <metrics statements="1" coveredstatements="1" conditionals="0" coveredconditionals="0" methods="0" coveredmethods="0"/>
      <file name="logo.png" path="/Users/rethink/Documents/junior/todoapp-ignite/src/assets/images/logo/logo.png">
        <metrics statements="1" coveredstatements="1" conditionals="0" coveredconditionals="0" methods="0" coveredmethods="0"/>
        <line num="1" count="2" type="stmt"/>
      </file>
    </package>
    <package name="components">
      <metrics statements="11" coveredstatements="6" conditionals="4" coveredconditionals="0" methods="7" coveredmethods="3"/>
      <file name="Header.tsx" path="/Users/rethink/Documents/junior/todoapp-ignite/src/components/Header.tsx">
        <metrics statements="2" coveredstatements="2" conditionals="0" coveredconditionals="0" methods="1" coveredmethods="1"/>
        <line num="14" count="4" type="stmt"/>
        <line num="26" count="2" type="stmt"/>
      </file>
      <file name="ItemWrapper.tsx" path="/Users/rethink/Documents/junior/todoapp-ignite/src/components/ItemWrapper.tsx">
        <metrics statements="3" coveredstatements="0" conditionals="2" coveredconditionals="0" methods="1" coveredmethods="0"/>
        <line num="11" count="0" type="cond" truecount="0" falsecount="2"/>
        <line num="12" count="0" type="stmt"/>
        <line num="23" count="0" type="stmt"/>
      </file>
      <file name="TasksList.tsx" path="/Users/rethink/Documents/junior/todoapp-ignite/src/components/TasksList.tsx">
        <metrics statements="4" coveredstatements="2" conditionals="2" coveredconditionals="0" methods="3" coveredmethods="1"/>
        <line num="22" count="6" type="stmt"/>
        <line num="25" count="0" type="stmt"/>
        <line num="29" count="0" type="stmt"/>
        <line num="76" count="2" type="stmt"/>
      </file>
      <file name="TodoInput.tsx" path="/Users/rethink/Documents/junior/todoapp-ignite/src/components/TodoInput.tsx">
        <metrics statements="2" coveredstatements="2" conditionals="0" coveredconditionals="0" methods="2" coveredmethods="1"/>
        <line num="16" count="6" type="stmt"/>
        <line num="38" count="2" type="stmt"/>
      </file>
    </package>
    <package name="pages">
      <metrics statements="3" coveredstatements="3" conditionals="0" coveredconditionals="0" methods="4" coveredmethods="1"/>
      <file name="Home.tsx" path="/Users/rethink/Documents/junior/todoapp-ignite/src/pages/Home.tsx">
        <metrics statements="3" coveredstatements="3" conditionals="0" coveredconditionals="0" methods="4" coveredmethods="1"/>
        <line num="9" count="3" type="stmt"/>
        <line num="23" count="3" type="stmt"/>
        <line num="38" count="1" type="stmt"/>
      </file>
    </package>
  </project>
</coverage>
