{"/Users/rethink/Documents/junior/todoapp-ignite/src/assets/icons/trash/trash.png": {"path":"/Users/rethink/Documents/junior/todoapp-ignite/src/assets/icons/trash/trash.png","statementMap":{"0":{"start":{"line":1,"column":0},"end":{"line":4,"column":6}}},"fnMap":{},"branchMap":{},"s":{"0":2},"f":{},"b":{},"inputSourceMap":null,"_coverageSchema":"1a1c01bbd47fc00a2c39e90264f33305004495a9","hash":"baee289f09401e79c32303f96aecd9c3ecacc678"}
,"/Users/rethink/Documents/junior/todoapp-ignite/src/assets/images/logo/logo.png": {"path":"/Users/rethink/Documents/junior/todoapp-ignite/src/assets/images/logo/logo.png","statementMap":{"0":{"start":{"line":1,"column":0},"end":{"line":4,"column":6}}},"fnMap":{},"branchMap":{},"s":{"0":2},"f":{},"b":{},"inputSourceMap":null,"_coverageSchema":"1a1c01bbd47fc00a2c39e90264f33305004495a9","hash":"952de2ace654d9b3b5cf59c7472c0529937db988"}
,"/Users/rethink/Documents/junior/todoapp-ignite/src/components/Header.tsx": {"path":"/Users/rethink/Documents/junior/todoapp-ignite/src/components/Header.tsx","statementMap":{"0":{"start":{"line":14,"column":2},"end":{"line":23,"column":3}},"1":{"start":{"line":26,"column":15},"end":{"line":50,"column":2}}},"fnMap":{"0":{"name":"Header","decl":{"start":{"line":11,"column":16},"end":{"line":11,"column":22}},"loc":{"start":{"line":11,"column":54},"end":{"line":24,"column":1}},"line":11}},"branchMap":{},"s":{"0":4,"1":2},"f":{"0":4},"b":{},"_coverageSchema":"1a1c01bbd47fc00a2c39e90264f33305004495a9","hash":"207ea089948f971407f23fb0bd162f159e51f3d6"}
,"/Users/rethink/Documents/junior/todoapp-ignite/src/components/ItemWrapper.tsx": {"path":"/Users/rethink/Documents/junior/todoapp-ignite/src/components/ItemWrapper.tsx","statementMap":{"0":{"start":{"line":11,"column":2},"end":{"line":21,"column":5}},"1":{"start":{"line":12,"column":4},"end":{"line":21,"column":5}},"2":{"start":{"line":23,"column":2},"end":{"line":29,"column":3}}},"fnMap":{"0":{"name":"ItemWrapper","decl":{"start":{"line":10,"column":16},"end":{"line":10,"column":27}},"loc":{"start":{"line":10,"column":67},"end":{"line":30,"column":1}},"line":10}},"branchMap":{"0":{"loc":{"start":{"line":11,"column":2},"end":{"line":21,"column":5}},"type":"if","locations":[{"start":{"line":11,"column":2},"end":{"line":21,"column":5}},{"start":{},"end":{}}],"line":11}},"s":{"0":0,"1":0,"2":0},"f":{"0":0},"b":{"0":[0,0]},"_coverageSchema":"1a1c01bbd47fc00a2c39e90264f33305004495a9","hash":"8b1421b01484e3cb2b1083d29fefb1f6180fd54d"}
,"/Users/rethink/Documents/junior/todoapp-ignite/src/components/TasksList.tsx": {"path":"/Users/rethink/Documents/junior/todoapp-ignite/src/components/TasksList.tsx","statementMap":{"0":{"start":{"line":22,"column":2},"end":{"line":73,"column":3}},"1":{"start":{"line":25,"column":28},"end":{"line":25,"column":43}},"2":{"start":{"line":29,"column":8},"end":{"line":67,"column":9}},"3":{"start":{"line":76,"column":15},"end":{"line":114,"column":2}}},"fnMap":{"0":{"name":"TasksList","decl":{"start":{"line":21,"column":16},"end":{"line":21,"column":25}},"loc":{"start":{"line":21,"column":81},"end":{"line":74,"column":1}},"line":21},"1":{"name":"(anonymous_1)","decl":{"start":{"line":25,"column":20},"end":{"line":25,"column":21}},"loc":{"start":{"line":25,"column":28},"end":{"line":25,"column":43}},"line":25},"2":{"name":"(anonymous_2)","decl":{"start":{"line":28,"column":18},"end":{"line":28,"column":19}},"loc":{"start":{"line":28,"column":39},"end":{"line":68,"column":7}},"line":28}},"branchMap":{"0":{"loc":{"start":{"line":42,"column":20},"end":{"line":48,"column":19}},"type":"binary-expr","locations":[{"start":{"line":42,"column":20},"end":{"line":42,"column":29}},{"start":{"line":43,"column":20},"end":{"line":47,"column":22}}],"line":42}},"s":{"0":6,"1":0,"2":0,"3":2},"f":{"0":6,"1":0,"2":0},"b":{"0":[0,0]},"_coverageSchema":"1a1c01bbd47fc00a2c39e90264f33305004495a9","hash":"b09e8f4652d9bf80bf45d5b72f020d30348c1988"}
,"/Users/rethink/Documents/junior/todoapp-ignite/src/components/TodoInput.tsx": {"path":"/Users/rethink/Documents/junior/todoapp-ignite/src/components/TodoInput.tsx","statementMap":{"0":{"start":{"line":16,"column":2},"end":{"line":35,"column":3}},"1":{"start":{"line":38,"column":15},"end":{"line":67,"column":2}}},"fnMap":{"0":{"name":"TodoInput","decl":{"start":{"line":9,"column":16},"end":{"line":9,"column":25}},"loc":{"start":{"line":9,"column":55},"end":{"line":36,"column":1}},"line":9},"1":{"name":"handleAddNewTask","decl":{"start":{"line":12,"column":11},"end":{"line":12,"column":27}},"loc":{"start":{"line":12,"column":30},"end":{"line":14,"column":3}},"line":12}},"branchMap":{},"s":{"0":6,"1":2},"f":{"0":6,"1":0},"b":{},"_coverageSchema":"1a1c01bbd47fc00a2c39e90264f33305004495a9","hash":"141d67fe91f237d5ea20be14ccc2453efed1b68a"}
,"/Users/rethink/Documents/junior/todoapp-ignite/src/pages/Home.tsx": {"path":"/Users/rethink/Documents/junior/todoapp-ignite/src/pages/Home.tsx","statementMap":{"0":{"start":{"line":9,"column":28},"end":{"line":9,"column":48}},"1":{"start":{"line":23,"column":2},"end":{"line":35,"column":3}},"2":{"start":{"line":38,"column":15},"end":{"line":43,"column":2}}},"fnMap":{"0":{"name":"Home","decl":{"start":{"line":8,"column":16},"end":{"line":8,"column":20}},"loc":{"start":{"line":8,"column":23},"end":{"line":36,"column":1}},"line":8},"1":{"name":"handleAddTask","decl":{"start":{"line":11,"column":11},"end":{"line":11,"column":24}},"loc":{"start":{"line":11,"column":47},"end":{"line":13,"column":3}},"line":11},"2":{"name":"handleToggleTaskDone","decl":{"start":{"line":15,"column":11},"end":{"line":15,"column":31}},"loc":{"start":{"line":15,"column":44},"end":{"line":17,"column":3}},"line":15},"3":{"name":"handleRemoveTask","decl":{"start":{"line":19,"column":11},"end":{"line":19,"column":27}},"loc":{"start":{"line":19,"column":40},"end":{"line":21,"column":3}},"line":19}},"branchMap":{},"s":{"0":3,"1":3,"2":1},"f":{"0":3,"1":0,"2":0,"3":0},"b":{},"_coverageSchema":"1a1c01bbd47fc00a2c39e90264f33305004495a9","hash":"2a6ef7a8fb80042576818a206cfe8f09ec777dfa"}
}
