{"/Users/rethink/Documents/junior/todoapp-ignite/src/assets/icons/trash/trash.png": {"path":"/Users/rethink/Documents/junior/todoapp-ignite/src/assets/icons/trash/trash.png","statementMap":{"0":{"start":{"line":1,"column":0},"end":{"line":4,"column":6}}},"fnMap":{},"branchMap":{},"s":{"0":2},"f":{},"b":{},"inputSourceMap":null,"_coverageSchema":"1a1c01bbd47fc00a2c39e90264f33305004495a9","hash":"baee289f09401e79c32303f96aecd9c3ecacc678"}
,"/Users/rethink/Documents/junior/todoapp-ignite/src/assets/images/logo/logo.png": {"path":"/Users/rethink/Documents/junior/todoapp-ignite/src/assets/images/logo/logo.png","statementMap":{"0":{"start":{"line":1,"column":0},"end":{"line":4,"column":6}}},"fnMap":{},"branchMap":{},"s":{"0":2},"f":{},"b":{},"inputSourceMap":null,"_coverageSchema":"1a1c01bbd47fc00a2c39e90264f33305004495a9","hash":"952de2ace654d9b3b5cf59c7472c0529937db988"}
,"/Users/rethink/Documents/junior/todoapp-ignite/src/components/Header.tsx": {"path":"/Users/rethink/Documents/junior/todoapp-ignite/src/components/Header.tsx","statementMap":{"0":{"start":{"line":12,"column":27},"end":{"line":12,"column":67}},"1":{"start":{"line":14,"column":2},"end":{"line":25,"column":4}},"2":{"start":{"line":28,"column":15},"end":{"line":52,"column":2}}},"fnMap":{"0":{"name":"Header","decl":{"start":{"line":11,"column":16},"end":{"line":11,"column":22}},"loc":{"start":{"line":11,"column":54},"end":{"line":26,"column":1}},"line":11}},"branchMap":{"0":{"loc":{"start":{"line":12,"column":27},"end":{"line":12,"column":67}},"type":"cond-expr","locations":[{"start":{"line":12,"column":47},"end":{"line":12,"column":55}},{"start":{"line":12,"column":58},"end":{"line":12,"column":67}}],"line":12}},"s":{"0":13,"1":13,"2":2},"f":{"0":13},"b":{"0":[6,7]},"_coverageSchema":"1a1c01bbd47fc00a2c39e90264f33305004495a9","hash":"a42defe2c9fa42f72cfca73c0f467d2126b0443b"}
,"/Users/rethink/Documents/junior/todoapp-ignite/src/components/ItemWrapper.tsx": {"path":"/Users/rethink/Documents/junior/todoapp-ignite/src/components/ItemWrapper.tsx","statementMap":{"0":{"start":{"line":11,"column":2},"end":{"line":21,"column":5}},"1":{"start":{"line":12,"column":4},"end":{"line":21,"column":5}},"2":{"start":{"line":23,"column":2},"end":{"line":29,"column":3}}},"fnMap":{"0":{"name":"ItemWrapper","decl":{"start":{"line":10,"column":16},"end":{"line":10,"column":27}},"loc":{"start":{"line":10,"column":67},"end":{"line":30,"column":1}},"line":10}},"branchMap":{"0":{"loc":{"start":{"line":11,"column":2},"end":{"line":21,"column":5}},"type":"if","locations":[{"start":{"line":11,"column":2},"end":{"line":21,"column":5}},{"start":{},"end":{}}],"line":11}},"s":{"0":18,"1":13,"2":5},"f":{"0":18},"b":{"0":[13,5]},"_coverageSchema":"1a1c01bbd47fc00a2c39e90264f33305004495a9","hash":"8b1421b01484e3cb2b1083d29fefb1f6180fd54d"}
,"/Users/rethink/Documents/junior/todoapp-ignite/src/components/TasksList.tsx": {"path":"/Users/rethink/Documents/junior/todoapp-ignite/src/components/TasksList.tsx","statementMap":{"0":{"start":{"line":34,"column":2},"end":{"line":77,"column":4}},"1":{"start":{"line":37,"column":30},"end":{"line":37,"column":45}},"2":{"start":{"line":41,"column":8},"end":{"line":71,"column":10}},"3":{"start":{"line":48,"column":31},"end":{"line":48,"column":54}},"4":{"start":{"line":66,"column":29},"end":{"line":66,"column":48}},"5":{"start":{"line":80,"column":15},"end":{"line":118,"column":2}}},"fnMap":{"0":{"name":"TasksList","decl":{"start":{"line":29,"column":16},"end":{"line":29,"column":25}},"loc":{"start":{"line":33,"column":19},"end":{"line":78,"column":1}},"line":33},"1":{"name":"(anonymous_1)","decl":{"start":{"line":37,"column":20},"end":{"line":37,"column":21}},"loc":{"start":{"line":37,"column":30},"end":{"line":37,"column":45}},"line":37},"2":{"name":"(anonymous_2)","decl":{"start":{"line":40,"column":18},"end":{"line":40,"column":19}},"loc":{"start":{"line":40,"column":39},"end":{"line":72,"column":7}},"line":40},"3":{"name":"(anonymous_3)","decl":{"start":{"line":48,"column":25},"end":{"line":48,"column":26}},"loc":{"start":{"line":48,"column":31},"end":{"line":48,"column":54}},"line":48},"4":{"name":"(anonymous_4)","decl":{"start":{"line":66,"column":23},"end":{"line":66,"column":24}},"loc":{"start":{"line":66,"column":29},"end":{"line":66,"column":48}},"line":66}},"branchMap":{"0":{"loc":{"start":{"line":52,"column":25},"end":{"line":52,"column":78}},"type":"cond-expr","locations":[{"start":{"line":52,"column":37},"end":{"line":52,"column":58}},{"start":{"line":52,"column":61},"end":{"line":52,"column":78}}],"line":52},"1":{"loc":{"start":{"line":54,"column":19},"end":{"line":54,"column":76}},"type":"binary-expr","locations":[{"start":{"line":54,"column":19},"end":{"line":54,"column":28}},{"start":{"line":54,"column":32},"end":{"line":54,"column":76}}],"line":54},"2":{"loc":{"start":{"line":57,"column":29},"end":{"line":57,"column":78}},"type":"cond-expr","locations":[{"start":{"line":57,"column":41},"end":{"line":57,"column":60}},{"start":{"line":57,"column":63},"end":{"line":57,"column":78}}],"line":57}},"s":{"0":13,"1":24,"2":18,"3":2,"4":2,"5":2},"f":{"0":13,"1":24,"2":18,"3":2,"4":2},"b":{"0":[4,14],"1":[18,4],"2":[4,14]},"_coverageSchema":"1a1c01bbd47fc00a2c39e90264f33305004495a9","hash":"f6dd8c906b391cf64a6e5b5ebcfdcedcf1d9330e"}
,"/Users/rethink/Documents/junior/todoapp-ignite/src/components/TodoInput.tsx": {"path":"/Users/rethink/Documents/junior/todoapp-ignite/src/components/TodoInput.tsx","statementMap":{"0":{"start":{"line":10,"column":26},"end":{"line":10,"column":38}},"1":{"start":{"line":13,"column":4},"end":{"line":16,"column":5}},"2":{"start":{"line":14,"column":6},"end":{"line":14,"column":20}},"3":{"start":{"line":15,"column":6},"end":{"line":15,"column":18}},"4":{"start":{"line":19,"column":2},"end":{"line":40,"column":4}},"5":{"start":{"line":27,"column":32},"end":{"line":27,"column":45}},"6":{"start":{"line":43,"column":15},"end":{"line":72,"column":2}}},"fnMap":{"0":{"name":"TodoInput","decl":{"start":{"line":9,"column":16},"end":{"line":9,"column":25}},"loc":{"start":{"line":9,"column":55},"end":{"line":41,"column":1}},"line":9},"1":{"name":"handleAddNewTask","decl":{"start":{"line":12,"column":11},"end":{"line":12,"column":27}},"loc":{"start":{"line":12,"column":30},"end":{"line":17,"column":3}},"line":12},"2":{"name":"(anonymous_2)","decl":{"start":{"line":27,"column":22},"end":{"line":27,"column":23}},"loc":{"start":{"line":27,"column":32},"end":{"line":27,"column":45}},"line":27}},"branchMap":{"0":{"loc":{"start":{"line":13,"column":4},"end":{"line":16,"column":5}},"type":"if","locations":[{"start":{"line":13,"column":4},"end":{"line":16,"column":5}},{"start":{},"end":{}}],"line":13}},"s":{"0":22,"1":8,"2":7,"3":7,"4":22,"5":8,"6":2},"f":{"0":22,"1":8,"2":8},"b":{"0":[7,1]},"_coverageSchema":"1a1c01bbd47fc00a2c39e90264f33305004495a9","hash":"5e7f1d4248a99a302d5fa53a195f09866b7afb6c"}
,"/Users/rethink/Documents/junior/todoapp-ignite/src/pages/Home.tsx": {"path":"/Users/rethink/Documents/junior/todoapp-ignite/src/pages/Home.tsx","statementMap":{"0":{"start":{"line":9,"column":28},"end":{"line":9,"column":48}},"1":{"start":{"line":12,"column":26},"end":{"line":16,"column":5}},"2":{"start":{"line":18,"column":4},"end":{"line":18,"column":34}},"3":{"start":{"line":22,"column":23},"end":{"line":22,"column":59}},"4":{"start":{"line":22,"column":45},"end":{"line":22,"column":57}},"5":{"start":{"line":25,"column":21},"end":{"line":25,"column":62}},"6":{"start":{"line":25,"column":47},"end":{"line":25,"column":61}},"7":{"start":{"line":27,"column":4},"end":{"line":27,"column":26}},"8":{"start":{"line":27,"column":19},"end":{"line":27,"column":26}},"9":{"start":{"line":28,"column":4},"end":{"line":28,"column":36}},"10":{"start":{"line":30,"column":4},"end":{"line":30,"column":25}},"11":{"start":{"line":34,"column":4},"end":{"line":34,"column":63}},"12":{"start":{"line":34,"column":24},"end":{"line":34,"column":61}},"13":{"start":{"line":34,"column":47},"end":{"line":34,"column":60}},"14":{"start":{"line":37,"column":2},"end":{"line":49,"column":4}},"15":{"start":{"line":52,"column":15},"end":{"line":57,"column":2}}},"fnMap":{"0":{"name":"Home","decl":{"start":{"line":8,"column":16},"end":{"line":8,"column":20}},"loc":{"start":{"line":8,"column":23},"end":{"line":50,"column":1}},"line":8},"1":{"name":"handleAddTask","decl":{"start":{"line":11,"column":11},"end":{"line":11,"column":24}},"loc":{"start":{"line":11,"column":47},"end":{"line":19,"column":3}},"line":11},"2":{"name":"handleToggleTaskDone","decl":{"start":{"line":21,"column":11},"end":{"line":21,"column":31}},"loc":{"start":{"line":21,"column":44},"end":{"line":31,"column":3}},"line":21},"3":{"name":"(anonymous_3)","decl":{"start":{"line":22,"column":33},"end":{"line":22,"column":34}},"loc":{"start":{"line":22,"column":45},"end":{"line":22,"column":57}},"line":22},"4":{"name":"(anonymous_4)","decl":{"start":{"line":25,"column":37},"end":{"line":25,"column":38}},"loc":{"start":{"line":25,"column":47},"end":{"line":25,"column":61}},"line":25},"5":{"name":"handleRemoveTask","decl":{"start":{"line":33,"column":11},"end":{"line":33,"column":27}},"loc":{"start":{"line":33,"column":40},"end":{"line":35,"column":3}},"line":33},"6":{"name":"(anonymous_6)","decl":{"start":{"line":34,"column":13},"end":{"line":34,"column":14}},"loc":{"start":{"line":34,"column":24},"end":{"line":34,"column":61}},"line":34},"7":{"name":"(anonymous_7)","decl":{"start":{"line":34,"column":37},"end":{"line":34,"column":38}},"loc":{"start":{"line":34,"column":47},"end":{"line":34,"column":60}},"line":34}},"branchMap":{"0":{"loc":{"start":{"line":27,"column":4},"end":{"line":27,"column":26}},"type":"if","locations":[{"start":{"line":27,"column":4},"end":{"line":27,"column":26}},{"start":{},"end":{}}],"line":27}},"s":{"0":10,"1":5,"2":5,"3":1,"4":1,"5":1,"6":1,"7":1,"8":0,"9":1,"10":1,"11":1,"12":1,"13":2,"14":10,"15":1},"f":{"0":10,"1":5,"2":1,"3":1,"4":1,"5":1,"6":1,"7":2},"b":{"0":[0,1]},"_coverageSchema":"1a1c01bbd47fc00a2c39e90264f33305004495a9","hash":"6b425889bbb2c28990c68937c33273ed8ce31d6c"}
}
