TN:
SF:src/assets/icons/trash/trash.png
FNF:0
FNH:0
DA:1,2
LF:1
LH:1
BRF:0
BRH:0
end_of_record
TN:
SF:src/assets/images/logo/logo.png
FNF:0
FNH:0
DA:1,2
LF:1
LH:1
BRF:0
BRH:0
end_of_record
TN:
SF:src/components/Header.tsx
FN:11,Header
FNF:1
FNH:1
FNDA:4,Header
DA:14,4
DA:26,2
LF:2
LH:2
BRF:0
BRH:0
end_of_record
TN:
SF:src/components/ItemWrapper.tsx
FN:10,ItemWrapper
FNF:1
FNH:0
FNDA:0,ItemWrapper
DA:11,0
DA:12,0
DA:23,0
LF:3
LH:0
BRDA:11,0,0,0
BRDA:11,0,1,0
BRF:2
BRH:0
end_of_record
TN:
SF:src/components/TasksList.tsx
FN:21,TasksList
FN:25,(anonymous_1)
FN:28,(anonymous_2)
FNF:3
FNH:1
FNDA:6,TasksList
FNDA:0,(anonymous_1)
FNDA:0,(anonymous_2)
DA:22,6
DA:25,0
DA:29,0
DA:76,2
LF:4
LH:2
BRDA:42,0,0,0
BRDA:42,0,1,0
BRF:2
BRH:0
end_of_record
TN:
SF:src/components/TodoInput.tsx
FN:9,TodoInput
FN:12,handleAddNewTask
FNF:2
FNH:1
FNDA:6,TodoInput
FNDA:0,handleAddNewTask
DA:16,6
DA:38,2
LF:2
LH:2
BRF:0
BRH:0
end_of_record
TN:
SF:src/pages/Home.tsx
FN:8,Home
FN:11,handleAddTask
FN:15,handleToggleTaskDone
FN:19,handleRemoveTask
FNF:4
FNH:1
FNDA:3,Home
FNDA:0,handleAddTask
FNDA:0,handleToggleTaskDone
FNDA:0,handleRemoveTask
DA:9,3
DA:23,3
DA:38,1
LF:3
LH:3
BRF:0
BRH:0
end_of_record
