TN:
SF:src/assets/icons/trash/trash.png
FNF:0
FNH:0
DA:1,2
LF:1
LH:1
BRF:0
BRH:0
end_of_record
TN:
SF:src/assets/images/logo/logo.png
FNF:0
FNH:0
DA:1,2
LF:1
LH:1
BRF:0
BRH:0
end_of_record
TN:
SF:src/components/Header.tsx
FN:11,Header
FNF:1
FNH:1
FNDA:13,Header
DA:12,13
DA:14,13
DA:28,2
LF:3
LH:3
BRDA:12,0,0,6
BRDA:12,0,1,7
BRF:2
BRH:2
end_of_record
TN:
SF:src/components/ItemWrapper.tsx
FN:10,ItemWrapper
FNF:1
FNH:1
FNDA:18,ItemWrapper
DA:11,18
DA:12,13
DA:23,5
LF:3
LH:3
BRDA:11,0,0,13
BRDA:11,0,1,5
BRF:2
BRH:2
end_of_record
TN:
SF:src/components/TasksList.tsx
FN:29,TasksList
FN:37,(anonymous_1)
FN:40,(anonymous_2)
FN:48,(anonymous_3)
FN:66,(anonymous_4)
FNF:5
FNH:5
FNDA:13,TasksList
FNDA:24,(anonymous_1)
FNDA:18,(anonymous_2)
FNDA:2,(anonymous_3)
FNDA:2,(anonymous_4)
DA:34,13
DA:37,24
DA:41,18
DA:48,2
DA:66,2
DA:80,2
LF:6
LH:6
BRDA:52,0,0,4
BRDA:52,0,1,14
BRDA:54,1,0,18
BRDA:54,1,1,4
BRDA:57,2,0,4
BRDA:57,2,1,14
BRF:6
BRH:6
end_of_record
TN:
SF:src/components/TodoInput.tsx
FN:9,TodoInput
FN:12,handleAddNewTask
FN:27,(anonymous_2)
FNF:3
FNH:3
FNDA:22,TodoInput
FNDA:8,handleAddNewTask
FNDA:8,(anonymous_2)
DA:10,22
DA:13,8
DA:14,7
DA:15,7
DA:19,22
DA:27,8
DA:43,2
LF:7
LH:7
BRDA:13,0,0,7
BRDA:13,0,1,1
BRF:2
BRH:2
end_of_record
TN:
SF:src/pages/Home.tsx
FN:8,Home
FN:11,handleAddTask
FN:21,handleToggleTaskDone
FN:22,(anonymous_3)
FN:25,(anonymous_4)
FN:33,handleRemoveTask
FN:34,(anonymous_6)
FN:34,(anonymous_7)
FNF:8
FNH:8
FNDA:10,Home
FNDA:5,handleAddTask
FNDA:1,handleToggleTaskDone
FNDA:1,(anonymous_3)
FNDA:1,(anonymous_4)
FNDA:1,handleRemoveTask
FNDA:1,(anonymous_6)
FNDA:2,(anonymous_7)
DA:9,10
DA:12,5
DA:18,5
DA:22,1
DA:25,1
DA:27,1
DA:28,1
DA:30,1
DA:34,2
DA:37,10
DA:52,1
LF:11
LH:11
BRDA:27,0,0,0
BRDA:27,0,1,1
BRF:2
BRH:1
end_of_record
